<?xml version="1.0" encoding="UTF-8"?>
<testsuite name="com.revature.ReimbursementServicesTest" tests="4" skipped="0" failures="0" errors="0" timestamp="2022-02-19T01:21:33" hostname="DECEMBER" time="0.458">
  <properties/>
  <testcase name="createReimbursementShouldReturnFalseOnFailure" classname="com.revature.ReimbursementServicesTest" time="0.454"/>
  <testcase name="getAllReimbursementsReturnsListOfReimbursements" classname="com.revature.ReimbursementServicesTest" time="0.001"/>
  <testcase name="getReimbursementByIdReturnsReimbursement" classname="com.revature.ReimbursementServicesTest" time="0.001"/>
  <testcase name="createReimbursementShouldReturnTrueOnSuccess" classname="com.revature.ReimbursementServicesTest" time="0.001"/>
  <system-out><![CDATA[]]></system-out>
  <system-err><![CDATA[]]></system-err>
</testsuite>
